1535511314943	geckodriver	INFO	geckodriver 0.20.1
1535511314951	geckodriver	INFO	Listening on 127.0.0.1:52806
1535511317950	mozrunner::runner	INFO	Running command: "C:\\Program Files (x86)\\Mozilla Firefox\\firefox.exe" "-marionette" "-profile" "C:\\Users\\Asus\\AppData\\Local\\Temp\\rust_mozprofile.hEGoQ48JtqcW"
1535511319410	Marionette	INFO	Listening on port 52815
1535511319456	Marionette	WARN	TLS certificate errors will be ignored for this session
1535511319486	Marionette	DEBUG	[6442450945] Frame script loaded
1535511319501	Marionette	DEBUG	[6442450945] Frame script registered
1535511319545	Marionette	DEBUG	[6442450945] Received DOM event beforeunload for about:blank
1535511319731	Marionette	DEBUG	[6442450945] Received DOM event pagehide for about:blank
JavaScript error: https://ss1.bdstatic.com/5eN1bjq8AAUYm2zgoY3K/r/www/cache/static/protocol/https/plugins/every_cookie_4644b13.js, line 4: ReferenceError: c is not defined
1535511319940	Marionette	DEBUG	[6442450945] Received DOM event DOMContentLoaded for https://www.baidu.com/
1535511319990	Marionette	DEBUG	[6442450945] Received DOM event pageshow for https://www.baidu.com/
[Child 19612, Chrome_ChildThread] WARNING: pipe error: 109: file z:/build/build/src/ipc/chromium/src/chrome/common/ipc_channel_win.cc, line 346
[Child 19612, Chrome_ChildThread] WARNING: pipe error: 109: file z:/build/build/src/ipc/chromium/src/chrome/common/ipc_channel_win.cc, line 346
[Child 14620, Chrome_ChildThread] WARNING: pipe error: 109: file z:/build/build/src/ipc/chromium/src/chrome/common/ipc_channel_win.cc, line 346
[Parent 18108, Gecko_IOThread] WARNING: pipe error: 109: file z:/build/build/src/ipc/chromium/src/chrome/common/ipc_channel_win.cc, line 346
[Child 22048, Chrome_ChildThread] WARNING: pipe error: 109: file z:/build/build/src/ipc/chromium/src/chrome/common/ipc_channel_win.cc, line 346
[Child 22048, Chrome_ChildThread] WARNING: pipe error: 109: file z:/build/build/src/ipc/chromium/src/chrome/common/ipc_channel_win.cc, line 346
1535511322849	Marionette	INFO	Stopped listening on port 52641
[Child 24248, Chrome_ChildThread] WARNING: pipe error: 109: file z:/build/build/src/ipc/chromium/src/chrome/common/ipc_channel_win.cc, line 346
ild 19012, Chrome_ChildThread] WARNING: pipe error: 109: file z:/build/build/src/ipc/chromium/src/chrome/common/ipc_channel_win.cc, line 346
